{"/home/ana/Área de trabalho/facul/Desenvolvimento Mobile/ShakeIT/src/@types/Party.ts": {"path":"/home/ana/Área de trabalho/facul/Desenvolvimento Mobile/ShakeIT/src/@types/Party.ts","statementMap":{},"fnMap":{},"branchMap":{},"s":{},"f":{},"b":{}}
,"/home/ana/Área de trabalho/facul/Desenvolvimento Mobile/ShakeIT/src/components/Button/index.tsx": {"path":"/home/ana/Área de trabalho/facul/Desenvolvimento Mobile/ShakeIT/src/components/Button/index.tsx","statementMap":{"0":{"start":{"line":17,"column":22},"end":{"line":44,"column":1}},"1":{"start":{"line":24,"column":2},"end":{"line":43,"column":4}}},"fnMap":{"0":{"name":"(anonymous_0)","decl":{"start":{"line":17,"column":22},"end":{"line":17,"column":23}},"loc":{"start":{"line":23,"column":19},"end":{"line":44,"column":1}},"line":23}},"branchMap":{"0":{"loc":{"start":{"line":19,"column":2},"end":{"line":19,"column":21}},"type":"default-arg","locations":[{"start":{"line":19,"column":12},"end":{"line":19,"column":21}}],"line":19},"1":{"loc":{"start":{"line":20,"column":2},"end":{"line":20,"column":19}},"type":"default-arg","locations":[{"start":{"line":20,"column":14},"end":{"line":20,"column":19}}],"line":20},"2":{"loc":{"start":{"line":28,"column":16},"end":{"line":28,"column":42}},"type":"binary-expr","locations":[{"start":{"line":28,"column":16},"end":{"line":28,"column":25}},{"start":{"line":28,"column":29},"end":{"line":28,"column":42}}],"line":28},"3":{"loc":{"start":{"line":31,"column":7},"end":{"line":41,"column":7}},"type":"cond-expr","locations":[{"start":{"line":32,"column":8},"end":{"line":38,"column":10}},{"start":{"line":40,"column":8},"end":{"line":40,"column":80}}],"line":31},"4":{"loc":{"start":{"line":34,"column":12},"end":{"line":36,"column":22}},"type":"cond-expr","locations":[{"start":{"line":35,"column":16},"end":{"line":35,"column":36}},{"start":{"line":36,"column":16},"end":{"line":36,"column":22}}],"line":34},"5":{"loc":{"start":{"line":34,"column":12},"end":{"line":34,"column":55}},"type":"binary-expr","locations":[{"start":{"line":34,"column":12},"end":{"line":34,"column":33}},{"start":{"line":34,"column":37},"end":{"line":34,"column":55}}],"line":34}},"s":{"0":3,"1":3},"f":{"0":3},"b":{"0":[1],"1":[3],"2":[3,3],"3":[0,3],"4":[0,0],"5":[0,0]},"_coverageSchema":"1a1c01bbd47fc00a2c39e90264f33305004495a9","hash":"3a5345ddd369c43fd6c363c9de06c9805d7c27c9"}
,"/home/ana/Área de trabalho/facul/Desenvolvimento Mobile/ShakeIT/src/components/Card/index.tsx": {"path":"/home/ana/Área de trabalho/facul/Desenvolvimento Mobile/ShakeIT/src/components/Card/index.tsx","statementMap":{"0":{"start":{"line":9,"column":20},"end":{"line":15,"column":1}},"1":{"start":{"line":10,"column":2},"end":{"line":14,"column":4}}},"fnMap":{"0":{"name":"(anonymous_0)","decl":{"start":{"line":9,"column":20},"end":{"line":9,"column":21}},"loc":{"start":{"line":9,"column":58},"end":{"line":15,"column":1}},"line":9}},"branchMap":{},"s":{"0":2,"1":3},"f":{"0":3},"b":{},"_coverageSchema":"1a1c01bbd47fc00a2c39e90264f33305004495a9","hash":"22216d9c90abdbf5fa62b2d76cf3d2153461b479"}
,"/home/ana/Área de trabalho/facul/Desenvolvimento Mobile/ShakeIT/src/components/IconButton/index.tsx": {"path":"/home/ana/Área de trabalho/facul/Desenvolvimento Mobile/ShakeIT/src/components/IconButton/index.tsx","statementMap":{"0":{"start":{"line":14,"column":26},"end":{"line":39,"column":1}},"1":{"start":{"line":23,"column":4},"end":{"line":23,"column":64}},"2":{"start":{"line":24,"column":22},"end":{"line":24,"column":49}},"3":{"start":{"line":26,"column":2},"end":{"line":38,"column":4}}},"fnMap":{"0":{"name":"(anonymous_0)","decl":{"start":{"line":14,"column":26},"end":{"line":14,"column":27}},"loc":{"start":{"line":21,"column":23},"end":{"line":39,"column":1}},"line":21}},"branchMap":{"0":{"loc":{"start":{"line":16,"column":2},"end":{"line":16,"column":25}},"type":"default-arg","locations":[{"start":{"line":16,"column":12},"end":{"line":16,"column":25}}],"line":16},"1":{"loc":{"start":{"line":23,"column":4},"end":{"line":23,"column":64}},"type":"cond-expr","locations":[{"start":{"line":23,"column":24},"end":{"line":23,"column":44}},{"start":{"line":23,"column":47},"end":{"line":23,"column":64}}],"line":23},"2":{"loc":{"start":{"line":24,"column":22},"end":{"line":24,"column":49}},"type":"cond-expr","locations":[{"start":{"line":24,"column":42},"end":{"line":24,"column":44}},{"start":{"line":24,"column":47},"end":{"line":24,"column":49}}],"line":24},"3":{"loc":{"start":{"line":34,"column":14},"end":{"line":34,"column":33}},"type":"binary-expr","locations":[{"start":{"line":34,"column":14},"end":{"line":34,"column":18}},{"start":{"line":34,"column":22},"end":{"line":34,"column":33}}],"line":34},"4":{"loc":{"start":{"line":35,"column":15},"end":{"line":35,"column":36}},"type":"binary-expr","locations":[{"start":{"line":35,"column":15},"end":{"line":35,"column":20}},{"start":{"line":35,"column":24},"end":{"line":35,"column":36}}],"line":35}},"s":{"0":3,"1":3,"2":3,"3":3},"f":{"0":3},"b":{"0":[2],"1":[1,2],"2":[1,2],"3":[3,3],"4":[3,3]},"_coverageSchema":"1a1c01bbd47fc00a2c39e90264f33305004495a9","hash":"d1a5cf38afb2b0338b4848623052f14b640f210b"}
,"/home/ana/Área de trabalho/facul/Desenvolvimento Mobile/ShakeIT/src/components/PopupModal/index.tsx": {"path":"/home/ana/Área de trabalho/facul/Desenvolvimento Mobile/ShakeIT/src/components/PopupModal/index.tsx","statementMap":{"0":{"start":{"line":16,"column":26},"end":{"line":51,"column":1}},"1":{"start":{"line":26,"column":2},"end":{"line":50,"column":4}}},"fnMap":{"0":{"name":"(anonymous_0)","decl":{"start":{"line":16,"column":26},"end":{"line":16,"column":27}},"loc":{"start":{"line":25,"column":23},"end":{"line":51,"column":1}},"line":25}},"branchMap":{"0":{"loc":{"start":{"line":20,"column":2},"end":{"line":20,"column":25}},"type":"default-arg","locations":[{"start":{"line":20,"column":15},"end":{"line":20,"column":25}}],"line":20},"1":{"loc":{"start":{"line":21,"column":2},"end":{"line":21,"column":20}},"type":"default-arg","locations":[{"start":{"line":21,"column":16},"end":{"line":21,"column":20}}],"line":21}},"s":{"0":2,"1":2},"f":{"0":2},"b":{"0":[1],"1":[1]},"_coverageSchema":"1a1c01bbd47fc00a2c39e90264f33305004495a9","hash":"638261a0d45672a632daa8b192644fef51693e16"}
,"/home/ana/Área de trabalho/facul/Desenvolvimento Mobile/ShakeIT/src/components/Tag/index.tsx": {"path":"/home/ana/Área de trabalho/facul/Desenvolvimento Mobile/ShakeIT/src/components/Tag/index.tsx","statementMap":{"0":{"start":{"line":13,"column":19},"end":{"line":33,"column":1}},"1":{"start":{"line":14,"column":26},"end":{"line":14,"column":76}},"2":{"start":{"line":15,"column":20},"end":{"line":15,"column":49}},"3":{"start":{"line":17,"column":2},"end":{"line":32,"column":4}}},"fnMap":{"0":{"name":"(anonymous_0)","decl":{"start":{"line":13,"column":19},"end":{"line":13,"column":20}},"loc":{"start":{"line":13,"column":61},"end":{"line":33,"column":1}},"line":13}},"branchMap":{"0":{"loc":{"start":{"line":14,"column":26},"end":{"line":14,"column":76}},"type":"cond-expr","locations":[{"start":{"line":14,"column":34},"end":{"line":14,"column":46}},{"start":{"line":14,"column":49},"end":{"line":14,"column":76}}],"line":14},"1":{"loc":{"start":{"line":15,"column":20},"end":{"line":15,"column":49}},"type":"binary-expr","locations":[{"start":{"line":15,"column":20},"end":{"line":15,"column":25}},{"start":{"line":15,"column":29},"end":{"line":15,"column":49}}],"line":15},"2":{"loc":{"start":{"line":21,"column":7},"end":{"line":30,"column":7}},"type":"binary-expr","locations":[{"start":{"line":21,"column":7},"end":{"line":21,"column":15}},{"start":{"line":22,"column":8},"end":{"line":29,"column":27}}],"line":21}},"s":{"0":2,"1":5,"2":5,"3":5},"f":{"0":5},"b":{"0":[2,3],"1":[5,3],"2":[5,1]},"_coverageSchema":"1a1c01bbd47fc00a2c39e90264f33305004495a9","hash":"051d170d78a082d9b8d1c472bfacbcc48b0d8513"}
,"/home/ana/Área de trabalho/facul/Desenvolvimento Mobile/ShakeIT/src/mocks/parties.ts": {"path":"/home/ana/Área de trabalho/facul/Desenvolvimento Mobile/ShakeIT/src/mocks/parties.ts","statementMap":{"0":{"start":{"line":3,"column":37},"end":{"line":26,"column":1}}},"fnMap":{},"branchMap":{},"s":{"0":1},"f":{},"b":{},"_coverageSchema":"1a1c01bbd47fc00a2c39e90264f33305004495a9","hash":"eff0a08ce346995f4ed736952dbc862d6ccae1fa"}
,"/home/ana/Área de trabalho/facul/Desenvolvimento Mobile/ShakeIT/src/screens/CreateParty/index.tsx": {"path":"/home/ana/Área de trabalho/facul/Desenvolvimento Mobile/ShakeIT/src/screens/CreateParty/index.tsx","statementMap":{"0":{"start":{"line":7,"column":33},"end":{"line":41,"column":1}},"1":{"start":{"line":8,"column":44},"end":{"line":8,"column":59}},"2":{"start":{"line":9,"column":26},"end":{"line":11,"column":3}},"3":{"start":{"line":10,"column":4},"end":{"line":10,"column":26}},"4":{"start":{"line":12,"column":22},"end":{"line":15,"column":3}},"5":{"start":{"line":13,"column":4},"end":{"line":13,"column":27}},"6":{"start":{"line":14,"column":4},"end":{"line":14,"column":24}},"7":{"start":{"line":17,"column":2},"end":{"line":40,"column":4}},"8":{"start":{"line":36,"column":24},"end":{"line":36,"column":46}}},"fnMap":{"0":{"name":"(anonymous_0)","decl":{"start":{"line":7,"column":33},"end":{"line":7,"column":34}},"loc":{"start":{"line":7,"column":58},"end":{"line":41,"column":1}},"line":7},"1":{"name":"(anonymous_1)","decl":{"start":{"line":9,"column":26},"end":{"line":9,"column":27}},"loc":{"start":{"line":9,"column":32},"end":{"line":11,"column":3}},"line":9},"2":{"name":"(anonymous_2)","decl":{"start":{"line":12,"column":22},"end":{"line":12,"column":23}},"loc":{"start":{"line":12,"column":28},"end":{"line":15,"column":3}},"line":12},"3":{"name":"(anonymous_3)","decl":{"start":{"line":36,"column":18},"end":{"line":36,"column":19}},"loc":{"start":{"line":36,"column":24},"end":{"line":36,"column":46}},"line":36}},"branchMap":{},"s":{"0":1,"1":1,"2":1,"3":0,"4":1,"5":0,"6":0,"7":1,"8":0},"f":{"0":1,"1":0,"2":0,"3":0},"b":{},"_coverageSchema":"1a1c01bbd47fc00a2c39e90264f33305004495a9","hash":"035bf36cc6ac47d365ffd7103acbcfde6b731a49"}
,"/home/ana/Área de trabalho/facul/Desenvolvimento Mobile/ShakeIT/src/screens/Home/index.tsx": {"path":"/home/ana/Área de trabalho/facul/Desenvolvimento Mobile/ShakeIT/src/screens/Home/index.tsx","statementMap":{"0":{"start":{"line":11,"column":26},"end":{"line":74,"column":1}},"1":{"start":{"line":12,"column":2},"end":{"line":73,"column":4}},"2":{"start":{"line":22,"column":32},"end":{"line":22,"column":39}},"3":{"start":{"line":26,"column":10},"end":{"line":61,"column":17}},"4":{"start":{"line":26,"column":31},"end":{"line":26,"column":66}},"5":{"start":{"line":69,"column":25},"end":{"line":69,"column":59}}},"fnMap":{"0":{"name":"(anonymous_0)","decl":{"start":{"line":11,"column":26},"end":{"line":11,"column":27}},"loc":{"start":{"line":11,"column":51},"end":{"line":74,"column":1}},"line":11},"1":{"name":"(anonymous_1)","decl":{"start":{"line":22,"column":22},"end":{"line":22,"column":23}},"loc":{"start":{"line":22,"column":32},"end":{"line":22,"column":39}},"line":22},"2":{"name":"(anonymous_2)","decl":{"start":{"line":25,"column":20},"end":{"line":25,"column":21}},"loc":{"start":{"line":26,"column":10},"end":{"line":61,"column":17}},"line":26},"3":{"name":"(anonymous_3)","decl":{"start":{"line":26,"column":25},"end":{"line":26,"column":26}},"loc":{"start":{"line":26,"column":31},"end":{"line":26,"column":66}},"line":26},"4":{"name":"(anonymous_4)","decl":{"start":{"line":69,"column":19},"end":{"line":69,"column":20}},"loc":{"start":{"line":69,"column":25},"end":{"line":69,"column":59}},"line":69}},"branchMap":{"0":{"loc":{"start":{"line":30,"column":22},"end":{"line":30,"column":76}},"type":"cond-expr","locations":[{"start":{"line":30,"column":60},"end":{"line":30,"column":66}},{"start":{"line":30,"column":69},"end":{"line":30,"column":76}}],"line":30},"1":{"loc":{"start":{"line":49,"column":18},"end":{"line":51,"column":42}},"type":"cond-expr","locations":[{"start":{"line":50,"column":22},"end":{"line":50,"column":42}},{"start":{"line":51,"column":22},"end":{"line":51,"column":42}}],"line":49},"2":{"loc":{"start":{"line":55,"column":15},"end":{"line":59,"column":15}},"type":"binary-expr","locations":[{"start":{"line":55,"column":15},"end":{"line":55,"column":51}},{"start":{"line":56,"column":16},"end":{"line":58,"column":23}}],"line":55}},"s":{"0":1,"1":1,"2":3,"3":2,"4":0,"5":0},"f":{"0":1,"1":3,"2":2,"3":0,"4":0},"b":{"0":[1,1],"1":[1,1],"2":[2,1]},"_coverageSchema":"1a1c01bbd47fc00a2c39e90264f33305004495a9","hash":"ffa818f9656f098c4d3d6f6c504b54d53be3cfe4"}
,"/home/ana/Área de trabalho/facul/Desenvolvimento Mobile/ShakeIT/src/styles/theme.ts": {"path":"/home/ana/Área de trabalho/facul/Desenvolvimento Mobile/ShakeIT/src/styles/theme.ts","statementMap":{"0":{"start":{"line":1,"column":21},"end":{"line":20,"column":1}}},"fnMap":{},"branchMap":{},"s":{"0":7},"f":{},"b":{},"_coverageSchema":"1a1c01bbd47fc00a2c39e90264f33305004495a9","hash":"89984f235603da99b7e163a98a6a072d47e6e169"}
}
