TN:
SF:src/@types/Party.ts
FNF:0
FNH:0
LF:0
LH:0
BRF:0
BRH:0
end_of_record
TN:
SF:src/components/Button/index.tsx
FN:17,(anonymous_0)
FNF:1
FNH:1
FNDA:3,(anonymous_0)
DA:17,3
DA:24,3
LF:2
LH:2
BRDA:19,0,0,1
BRDA:20,1,0,3
BRDA:28,2,0,3
BRDA:28,2,1,3
BRDA:31,3,0,0
BRDA:31,3,1,3
BRDA:34,4,0,0
BRDA:34,4,1,0
BRDA:34,5,0,0
BRDA:34,5,1,0
BRF:10
BRH:5
end_of_record
TN:
SF:src/components/Card/index.tsx
FN:9,(anonymous_0)
FNF:1
FNH:1
FNDA:3,(anonymous_0)
DA:9,2
DA:10,3
LF:2
LH:2
BRF:0
BRH:0
end_of_record
TN:
SF:src/components/IconButton/index.tsx
FN:14,(anonymous_0)
FNF:1
FNH:1
FNDA:3,(anonymous_0)
DA:14,3
DA:23,3
DA:24,3
DA:26,3
LF:4
LH:4
BRDA:16,0,0,2
BRDA:23,1,0,1
BRDA:23,1,1,2
BRDA:24,2,0,1
BRDA:24,2,1,2
BRDA:34,3,0,3
BRDA:34,3,1,3
BRDA:35,4,0,3
BRDA:35,4,1,3
BRF:9
BRH:9
end_of_record
TN:
SF:src/components/PopupModal/index.tsx
FN:16,(anonymous_0)
FNF:1
FNH:1
FNDA:2,(anonymous_0)
DA:16,2
DA:26,2
LF:2
LH:2
BRDA:20,0,0,1
BRDA:21,1,0,1
BRF:2
BRH:2
end_of_record
TN:
SF:src/components/Tag/index.tsx
FN:13,(anonymous_0)
FNF:1
FNH:1
FNDA:5,(anonymous_0)
DA:13,2
DA:14,5
DA:15,5
DA:17,5
LF:4
LH:4
BRDA:14,0,0,2
BRDA:14,0,1,3
BRDA:15,1,0,5
BRDA:15,1,1,3
BRDA:21,2,0,5
BRDA:21,2,1,1
BRF:6
BRH:6
end_of_record
TN:
SF:src/mocks/parties.ts
FNF:0
FNH:0
DA:3,1
LF:1
LH:1
BRF:0
BRH:0
end_of_record
TN:
SF:src/screens/CreateParty/index.tsx
FN:7,(anonymous_0)
FN:9,(anonymous_1)
FN:12,(anonymous_2)
FN:36,(anonymous_3)
FNF:4
FNH:1
FNDA:1,(anonymous_0)
FNDA:0,(anonymous_1)
FNDA:0,(anonymous_2)
FNDA:0,(anonymous_3)
DA:7,1
DA:8,1
DA:9,1
DA:10,0
DA:12,1
DA:13,0
DA:14,0
DA:17,1
DA:36,0
LF:9
LH:5
BRF:0
BRH:0
end_of_record
TN:
SF:src/screens/Home/index.tsx
FN:11,(anonymous_0)
FN:22,(anonymous_1)
FN:25,(anonymous_2)
FN:26,(anonymous_3)
FN:69,(anonymous_4)
FNF:5
FNH:3
FNDA:1,(anonymous_0)
FNDA:3,(anonymous_1)
FNDA:2,(anonymous_2)
FNDA:0,(anonymous_3)
FNDA:0,(anonymous_4)
DA:11,1
DA:12,1
DA:22,3
DA:26,2
DA:69,0
LF:5
LH:4
BRDA:30,0,0,1
BRDA:30,0,1,1
BRDA:49,1,0,1
BRDA:49,1,1,1
BRDA:55,2,0,2
BRDA:55,2,1,1
BRF:6
BRH:6
end_of_record
TN:
SF:src/styles/theme.ts
FNF:0
FNH:0
DA:1,7
LF:1
LH:1
BRF:0
BRH:0
end_of_record
