TN:
SF:src\@types\Party.ts
FNF:0
FNH:0
LF:0
LH:0
BRF:0
BRH:0
end_of_record
TN:
SF:src\components\Button\index.tsx
FN:17,(anonymous_0)
FNF:1
FNH:1
FNDA:15,(anonymous_0)
DA:17,3
DA:24,15
LF:2
LH:2
BRDA:19,0,0,9
BRDA:20,1,0,15
BRDA:28,2,0,15
BRDA:28,2,1,15
BRDA:31,3,0,0
BRDA:31,3,1,15
BRDA:34,4,0,0
BRDA:34,4,1,0
BRDA:34,5,0,0
BRDA:34,5,1,0
BRF:10
BRH:5
end_of_record
TN:
SF:src\components\Card\index.tsx
FN:9,(anonymous_0)
FNF:1
FNH:1
FNDA:3,(anonymous_0)
DA:9,2
DA:10,3
LF:2
LH:2
BRF:0
BRH:0
end_of_record
TN:
SF:src\components\CurrencyInput\index.tsx
FN:13,(anonymous_0)
FN:21,(anonymous_1)
FNF:2
FNH:2
FNDA:17,(anonymous_0)
FNDA:2,(anonymous_1)
DA:13,2
DA:21,17
DA:22,2
DA:23,2
DA:24,2
DA:25,0
DA:26,0
DA:28,2
DA:29,2
DA:30,2
DA:31,2
DA:34,17
LF:12
LH:10
BRDA:22,0,0,0
BRDA:22,0,1,2
BRDA:24,1,0,0
BRDA:24,1,1,2
BRF:4
BRH:2
end_of_record
TN:
SF:src\components\DateInput\index.tsx
FN:15,(anonymous_0)
FN:27,(anonymous_1)
FN:46,(anonymous_2)
FNF:3
FNH:2
FNDA:12,(anonymous_0)
FNDA:0,(anonymous_1)
FNDA:1,(anonymous_2)
DA:15,2
DA:22,12
DA:25,12
DA:27,12
DA:29,0
DA:32,0
DA:33,0
DA:34,0
DA:36,0
DA:40,12
DA:46,1
LF:11
LH:6
BRDA:19,0,0,12
BRDA:25,1,0,1
BRDA:25,1,1,11
BRDA:32,2,0,0
BRDA:32,2,1,0
BRDA:32,3,0,0
BRDA:32,3,1,0
BRDA:51,4,0,1
BRDA:51,4,1,11
BRDA:53,5,0,1
BRDA:53,5,1,11
BRDA:58,6,0,12
BRDA:58,6,1,1
BRDA:60,7,0,1
BRDA:60,7,1,1
BRF:15
BRH:11
end_of_record
TN:
SF:src\components\IconButton\index.tsx
FN:14,(anonymous_0)
FNF:1
FNH:1
FNDA:2,(anonymous_0)
DA:14,2
DA:23,2
DA:24,2
DA:26,2
LF:4
LH:4
BRDA:16,0,0,1
BRDA:23,1,0,1
BRDA:23,1,1,1
BRDA:24,2,0,1
BRDA:24,2,1,1
BRDA:34,3,0,2
BRDA:34,3,1,2
BRDA:35,4,0,2
BRDA:35,4,1,2
BRF:9
BRH:9
end_of_record
TN:
SF:src\components\Input\index.tsx
FN:12,(anonymous_0)
FNF:1
FNH:1
FNDA:10,(anonymous_0)
DA:12,2
DA:13,10
LF:2
LH:2
BRF:0
BRH:0
end_of_record
TN:
SF:src\components\PopupModal\index.tsx
FN:16,(anonymous_0)
FNF:1
FNH:1
FNDA:9,(anonymous_0)
DA:16,2
DA:26,9
LF:2
LH:2
BRDA:20,0,0,1
BRDA:21,1,0,1
BRF:2
BRH:2
end_of_record
TN:
SF:src\components\Tag\index.tsx
FN:13,(anonymous_0)
FNF:1
FNH:1
FNDA:5,(anonymous_0)
DA:13,2
DA:14,5
DA:15,5
DA:17,5
LF:4
LH:4
BRDA:14,0,0,2
BRDA:14,0,1,3
BRDA:15,1,0,5
BRDA:15,1,1,3
BRDA:21,2,0,5
BRDA:21,2,1,1
BRF:6
BRH:6
end_of_record
TN:
SF:src\mocks\parties.ts
FNF:0
FNH:0
DA:3,1
LF:1
LH:1
BRF:0
BRH:0
end_of_record
TN:
SF:src\mocks\perfisMock.ts
FNF:0
FNH:0
DA:21,1
LF:1
LH:1
BRF:0
BRH:0
end_of_record
TN:
SF:src\mocks\usuariosMock.ts
FNF:0
FNH:0
DA:11,1
LF:1
LH:1
BRF:0
BRH:0
end_of_record
TN:
SF:src\screens\CreateParty\index.tsx
FN:11,(anonymous_0)
FN:19,(anonymous_1)
FN:20,(anonymous_2)
FN:49,(anonymous_3)
FN:76,(anonymous_4)
FN:87,(anonymous_5)
FNF:6
FNH:5
FNDA:8,(anonymous_0)
FNDA:2,(anonymous_1)
FNDA:1,(anonymous_2)
FNDA:0,(anonymous_3)
FNDA:1,(anonymous_4)
FNDA:1,(anonymous_5)
DA:11,1
DA:12,8
DA:14,8
DA:15,8
DA:16,8
DA:17,8
DA:19,8
DA:20,8
DA:21,1
DA:22,1
DA:25,8
DA:49,0
DA:76,1
DA:87,1
LF:14
LH:13
BRDA:28,0,0,8
BRDA:28,0,1,0
BRF:2
BRH:1
end_of_record
TN:
SF:src\screens\Home\index.tsx
FN:11,(anonymous_0)
FN:22,(anonymous_1)
FN:25,(anonymous_2)
FN:26,(anonymous_3)
FN:69,(anonymous_4)
FNF:5
FNH:3
FNDA:1,(anonymous_0)
FNDA:3,(anonymous_1)
FNDA:2,(anonymous_2)
FNDA:0,(anonymous_3)
FNDA:0,(anonymous_4)
DA:11,1
DA:12,1
DA:22,3
DA:26,2
DA:69,0
LF:5
LH:4
BRDA:30,0,0,1
BRDA:30,0,1,1
BRDA:49,1,0,1
BRDA:49,1,1,1
BRDA:55,2,0,2
BRDA:55,2,1,1
BRF:6
BRH:6
end_of_record
TN:
SF:src\screens\PartyCreated\index.tsx
FN:5,(anonymous_0)
FNF:1
FNH:1
FNDA:1,(anonymous_0)
DA:5,1
DA:6,1
LF:2
LH:2
BRF:0
BRH:0
end_of_record
TN:
SF:src\styles\theme.ts
FNF:0
FNH:0
DA:1,11
LF:1
LH:1
BRF:0
BRH:0
end_of_record
